1: O 1: started
2: O 1: going to queue
3: O 2: started
4: O 3: started
5: O 2: going to queue
6: O 3: going to queue
7: O 4: started
8: O 4: going to queue
9: O 5: started
10: O 5: going to queue
11: O 6: started
12: O 7: started
13: O 6: going to queue
14: O 7: going to queue
15: O 8: started
16: O 8: going to queue
17: O 10: started
18: O 9: started
19: O 12: started
20: O 10: going to queue
21: O 9: going to queue
22: O 12: going to queue
23: O 13: started
24: O 11: started
25: O 14: started
26: O 16: started
27: O 15: started
28: O 11: going to queue
29: O 15: going to queue
30: O 14: going to queue
31: O 16: going to queue
32: O 18: started
33: O 18: going to queue
34: O 19: started
35: O 19: going to queue
36: O 20: started
37: O 21: started
38: O 20: going to queue
39: O 21: going to queue
40: O 13: going to queue
41: O 23: started
42: O 23: going to queue
43: O 24: started
44: O 25: started
45: O 25: going to queue
46: O 26: started
47: O 24: going to queue
48: O 26: going to queue
49: O 28: started
50: O 28: going to queue
51: O 29: started
52: O 30: started
53: O 29: going to queue
54: O 31: started
55: O 30: going to queue
56: O 32: started
57: O 31: going to queue
58: O 33: started
59: O 34: started
60: O 35: started
61: O 33: going to queue
62: O 36: started
63: O 34: going to queue
64: O 32: going to queue
65: O 36: going to queue
66: O 37: started
67: O 35: going to queue
68: O 37: going to queue
69: O 38: started
70: O 39: started
71: O 38: going to queue
72: O 40: started
73: O 41: started
74: O 42: started
75: O 40: going to queue
76: O 43: started
77: O 41: going to queue
78: O 43: going to queue
79: O 42: going to queue
80: O 39: going to queue
81: O 44: started
82: O 45: started
83: O 44: going to queue
84: O 45: going to queue
85: O 47: started
86: O 47: going to queue
87: O 48: started
88: O 48: going to queue
89: O 49: started
90: O 49: going to queue
91: O 50: started
92: O 22: started
93: O 17: started
94: O 50: going to queue
95: O 27: started
96: O 17: going to queue
97: O 27: going to queue
98: O 22: going to queue
99: O 51: started
100: O 51: going to queue
101: O 53: started
102: O 53: going to queue
103: O 54: started
104: O 55: started
105: O 56: started
106: O 57: started
107: O 54: going to queue
108: O 55: going to queue
109: O 58: started
110: O 59: started
111: O 57: going to queue
112: O 56: going to queue
113: O 59: going to queue
114: O 60: started
115: O 58: going to queue
116: O 60: going to queue
117: O 46: started
118: O 46: going to queue
119: O 63: started
120: O 52: started
121: O 63: going to queue
122: O 64: started
123: O 52: going to queue
124: O 65: started
125: O 64: going to queue
126: O 65: going to queue
127: O 67: started
128: O 68: started
129: O 67: going to queue
130: O 69: started
131: O 68: going to queue
132: O 69: going to queue
133: O 70: started
134: O 71: started
135: O 70: going to queue
136: O 72: started
137: O 71: going to queue
138: O 73: started
139: O 72: going to queue
140: O 73: going to queue
141: O 62: started
142: O 75: started
143: O 74: started
144: O 76: started
145: O 62: going to queue
146: O 75: going to queue
147: O 76: going to queue
148: O 74: going to queue
149: O 77: started
150: O 78: started
151: O 79: started
152: O 81: started
153: O 80: started
154: O 78: going to queue
155: O 77: going to queue
156: O 79: going to queue
157: O 61: started
158: O 66: started
159: O 82: started
160: O 85: started
161: O 81: going to queue
162: O 83: started
163: O 84: started
164: O 61: going to queue
165: O 80: going to queue
166: O 84: going to queue
167: O 86: started
168: O 89: started
169: O 91: started
170: O 83: going to queue
171: O 82: going to queue
172: O 92: started
173: O 86: going to queue
174: O 85: going to queue
175: O 93: started
176: O 66: going to queue
177: O 94: started
178: O 91: going to queue
179: O 88: started
180: O 90: started
181: O 92: going to queue
182: O 93: going to queue
183: O 95: started
184: O 94: going to queue
185: O 88: going to queue
186: O 98: started
187: O 90: going to queue
188: O 95: going to queue
189: O 98: going to queue
190: O 96: started
191: O 100: started
192: O 101: started
193: O 96: going to queue
194: O 99: started
195: O 100: going to queue
196: O 102: started
197: O 101: going to queue
198: O 99: going to queue
199: O 103: started
200: O 102: going to queue
201: O 103: going to queue
202: O 89: going to queue
203: O 106: started
204: O 105: started
205: O 107: started
206: O 108: started
207: O 105: going to queue
208: O 106: going to queue
209: O 87: started
210: O 97: started
211: O 109: started
212: O 108: going to queue
213: O 114: started
214: O 107: going to queue
215: O 110: started
216: O 111: started
217: O 112: started
218: O 113: started
219: O 97: going to queue
220: O 87: going to queue
221: O 114: going to queue
222: O 115: started
223: O 115: going to queue
224: O 110: going to queue
225: O 111: going to queue
226: O 121: started
227: O 112: going to queue
228: O 109: going to queue
229: O 113: going to queue
230: O 119: started
231: O 120: started
232: O 116: started
233: O 117: started
234: O 122: started
235: O 121: going to queue
236: O 123: started
237: O 125: started
238: O 120: going to queue
239: O 116: going to queue
240: O 124: started
241: O 117: going to queue
242: O 122: going to queue
243: O 128: started
244: O 119: going to queue
245: O 123: going to queue
246: O 125: going to queue
247: O 127: started
248: O 124: going to queue
249: O 126: started
250: O 128: going to queue
251: O 129: started
252: O 127: going to queue
253: O 130: started
254: O 126: going to queue
255: O 129: going to queue
256: O 131: started
257: O 130: going to queue
258: O 132: started
259: O 133: started
260: O 132: going to queue
261: O 131: going to queue
262: O 135: started
263: O 133: going to queue
264: O 136: started
265: O 137: started
266: O 138: started
267: O 139: started
268: O 138: going to queue
269: O 137: going to queue
270: O 139: going to queue
271: O 134: started
272: O 135: going to queue
273: O 136: going to queue
274: O 141: started
275: O 134: going to queue
276: O 142: started
277: O 143: started
278: O 141: going to queue
279: O 144: started
280: O 143: going to queue
281: O 145: started
282: O 146: started
283: O 147: started
284: O 144: going to queue
285: O 142: going to queue
286: O 148: started
287: O 145: going to queue
288: O 146: going to queue
289: O 149: started
290: O 147: going to queue
291: O 148: going to queue
292: O 150: started
293: O 149: going to queue
294: O 151: started
295: O 150: going to queue
296: O 152: started
297: O 151: going to queue
298: O 153: started
299: O 152: going to queue
300: O 153: going to queue
301: O 155: started
302: O 156: started
303: O 154: started
304: O 157: started
305: O 156: going to queue
306: O 155: going to queue
307: O 154: going to queue
308: O 158: started
309: O 159: started
310: O 157: going to queue
311: O 160: started
312: O 159: going to queue
313: O 158: going to queue
314: O 161: started
315: O 160: going to queue
316: O 161: going to queue
317: O 162: started
318: O 163: started
319: O 162: going to queue
320: O 164: started
321: O 163: going to queue
322: O 165: started
323: O 164: going to queue
324: O 166: started
325: O 167: started
326: O 165: going to queue
327: O 168: started
328: O 169: started
329: O 168: going to queue
330: O 167: going to queue
331: O 170: started
332: O 166: going to queue
333: O 169: going to queue
334: O 104: started
335: O 170: going to queue
336: O 104: going to queue
337: O 171: started
338: O 172: started
339: O 118: started
340: O 171: going to queue
341: O 172: going to queue
342: O 118: going to queue
343: O 175: started
344: O 176: started
345: O 175: going to queue
346: O 177: started
347: O 176: going to queue
348: O 178: started
349: O 179: started
350: O 177: going to queue
351: O 178: going to queue
352: O 180: started
353: O 181: started
354: O 180: going to queue
355: O 182: started
356: O 181: going to queue
357: O 179: going to queue
358: O 183: started
359: O 184: started
360: O 183: going to queue
361: O 185: started
362: O 186: started
363: O 185: going to queue
364: O 184: going to queue
365: O 186: going to queue
366: O 188: started
367: O 189: started
368: O 182: going to queue
369: O 187: started
370: O 190: started
371: O 191: started
372: O 187: going to queue
373: O 189: going to queue
374: O 190: going to queue
375: O 191: going to queue
376: O 192: started
377: O 193: started
378: O 192: going to queue
379: O 194: started
380: O 195: started
381: O 193: going to queue
382: O 196: started
383: O 197: started
384: O 188: going to queue
385: O 194: going to queue
386: O 198: started
387: O 196: going to queue
388: O 195: going to queue
389: O 198: going to queue
390: O 199: started
391: O 197: going to queue
392: O 200: started
393: O 199: going to queue
394: O 200: going to queue
395: H 1: started
396: H 2: started
397: H 1: going to queue
398: H 3: started
399: H 2: going to queue
400: H 1: creating molecule 1
401: H 2: creating molecule 1
402: O 1: creating molecule 1
403: H 3: going to queue
404: H 5: started
405: H 2: molecule 1 created
406: H 6: started
407: H 1: molecule 1 created
408: H 4: started
409: O 1: molecule 1 created
410: H 5: going to queue
411: H 6: going to queue
412: H 4: going to queue
413: H 8: started
414: O 2: creating molecule 2
415: H 4: creating molecule 2
416: H 5: creating molecule 2
417: H 8: going to queue
418: H 9: started
419: O 2: molecule 2 created
420: H 4: molecule 2 created
421: H 5: molecule 2 created
422: H 7: started
423: H 12: started
424: O 3: creating molecule 3
425: H 7: going to queue
426: H 6: creating molecule 3
427: H 8: creating molecule 3
428: H 10: started
429: H 11: started
430: H 13: started
431: H 6: molecule 3 created
432: H 9: going to queue
433: H 8: molecule 3 created
434: H 12: going to queue
435: H 10: going to queue
436: H 14: started
437: H 11: going to queue
438: O 3: molecule 3 created
439: H 15: started
440: H 15: going to queue
441: H 14: going to queue
442: H 16: started
443: H 13: going to queue
444: H 9: creating molecule 4
445: O 4: creating molecule 4
446: O 140: started
447: H 14: creating molecule 4
448: H 16: going to queue
449: H 17: started
450: H 9: molecule 4 created
451: O 4: molecule 4 created
452: O 140: going to queue
453: H 19: started
454: H 14: molecule 4 created
455: H 20: started
456: H 17: going to queue
457: H 21: started
458: H 10: creating molecule 5
459: O 5: creating molecule 5
460: H 12: creating molecule 5
461: H 25: started
462: H 22: started
463: H 23: started
464: H 24: started
465: H 20: going to queue
466: H 10: molecule 5 created
467: H 28: started
468: H 26: started
469: H 28: going to queue
470: H 19: going to queue
471: H 21: going to queue
472: H 27: started
473: H 22: going to queue
474: H 25: going to queue
475: H 12: molecule 5 created
476: H 23: going to queue
477: H 24: going to queue
478: O 5: molecule 5 created
479: H 26: going to queue
480: H 30: started
481: H 31: started
482: H 15: creating molecule 6
483: O 6: creating molecule 6
484: H 26: creating molecule 6
485: O 6: molecule 6 created
486: H 32: started
487: H 30: going to queue
488: H 15: molecule 6 created
489: H 27: going to queue
490: H 31: going to queue
491: H 33: started
492: H 26: molecule 6 created
493: H 32: going to queue
494: H 29: started
495: H 33: going to queue
496: H 29: going to queue
497: H 36: started
498: H 35: started
499: H 7: creating molecule 7
500: H 36: going to queue
501: H 13: creating molecule 7
502: O 7: creating molecule 7
503: H 7: molecule 7 created
504: O 7: molecule 7 created
505: H 13: molecule 7 created
506: H 35: going to queue
507: H 37: started
508: H 38: started
509: H 16: creating molecule 8
510: O 8: creating molecule 8
511: H 11: creating molecule 8
512: H 38: going to queue
513: O 8: molecule 8 created
514: H 11: molecule 8 created
515: H 16: molecule 8 created
516: H 37: going to queue
517: H 40: started
518: O 10: creating molecule 9
519: H 20: creating molecule 9
520: H 40: going to queue
521: H 41: started
522: O 10: molecule 9 created
523: H 42: started
524: H 20: molecule 9 created
525: H 41: going to queue
526: H 42: going to queue
527: H 37: creating molecule 9
528: H 44: started
529: H 43: started
530: O 174: started
531: H 45: started
532: H 43: going to queue
533: H 44: going to queue
534: H 47: started
535: O 174: going to queue
536: H 45: going to queue
537: H 37: molecule 9 created
538: H 46: started
539: H 19: creating molecule 10
540: H 49: started
541: O 9: creating molecule 10
542: H 28: creating molecule 10
543: H 47: going to queue
544: H 48: started
545: H 46: going to queue
546: H 50: started
547: H 19: molecule 10 created
548: H 48: going to queue
549: H 49: going to queue
550: O 9: molecule 10 created
551: H 51: started
552: H 28: molecule 10 created
553: H 50: going to queue
554: H 52: started
555: H 52: going to queue
556: H 22: creating molecule 11
557: O 12: creating molecule 11
558: H 52: creating molecule 11
559: H 53: started
560: H 34: started
561: H 53: going to queue
562: H 52: molecule 11 created
563: H 54: started
564: O 12: molecule 11 created
565: H 22: molecule 11 created
566: H 51: going to queue
567: H 34: going to queue
568: H 55: started
569: H 54: going to queue
570: O 11: creating molecule 12
571: H 25: creating molecule 12
572: H 56: started
573: H 23: creating molecule 12
574: H 25: molecule 12 created
575: H 39: started
576: O 11: molecule 12 created
577: H 56: going to queue
578: H 23: molecule 12 created
579: H 58: started
580: H 59: started
581: H 58: going to queue
582: H 60: started
583: H 61: started
584: H 60: going to queue
585: H 59: going to queue
586: H 58: creating molecule 13
587: H 24: creating molecule 13
588: O 15: creating molecule 13
589: H 39: going to queue
590: H 57: started
591: H 61: going to queue
592: H 24: molecule 13 created
593: H 55: going to queue
594: H 63: started
595: O 15: molecule 13 created
596: H 58: molecule 13 created
597: H 65: started
598: H 64: started
599: H 67: started
600: H 63: going to queue
601: H 65: going to queue
602: H 57: going to queue
603: H 69: started
604: H 67: going to queue
605: H 70: started
606: H 64: going to queue
607: H 27: creating molecule 14
608: O 14: creating molecule 14
609: H 70: going to queue
610: H 18: started
611: H 30: creating molecule 14
612: H 71: started
613: H 68: started
614: H 27: molecule 14 created
615: H 69: going to queue
616: H 18: going to queue
617: H 73: started
618: O 14: molecule 14 created
619: H 71: going to queue
620: H 72: started
621: H 30: molecule 14 created
622: H 74: started
623: H 73: going to queue
624: H 72: going to queue
625: H 75: started
626: H 76: started
627: H 74: going to queue
628: H 75: going to queue
629: O 173: started
630: H 76: going to queue
631: O 173: going to queue
632: H 68: going to queue
633: H 76: creating molecule 15
634: H 33: creating molecule 15
635: H 79: started
636: H 77: started
637: H 78: started
638: H 77: going to queue
639: H 33: molecule 15 created
640: H 76: molecule 15 created
641: H 78: going to queue
642: O 16: creating molecule 15
643: H 80: started
644: H 82: started
645: O 16: molecule 15 created
646: H 84: started
647: H 81: started
648: H 83: started
649: H 80: going to queue
650: H 79: going to queue
651: H 36: creating molecule 16
652: H 88: started
653: H 29: creating molecule 16
654: H 83: going to queue
655: H 84: going to queue
656: H 29: molecule 16 created
657: H 90: started
658: H 87: started
659: O 18: creating molecule 16
660: H 36: molecule 16 created
661: H 89: started
662: H 82: going to queue
663: H 86: started
664: H 93: started
665: H 88: going to queue
666: H 91: started
667: H 90: going to queue
668: O 18: molecule 16 created
669: H 95: started
670: H 92: started
671: H 89: going to queue
672: H 81: going to queue
673: H 89: creating molecule 17
674: H 38: creating molecule 17
675: H 93: going to queue
676: H 87: going to queue
677: H 89: molecule 17 created
678: H 38: molecule 17 created
679: H 92: going to queue
680: H 86: going to queue
681: O 19: creating molecule 17
682: H 91: going to queue
683: H 95: going to queue
684: H 96: started
685: H 94: started
686: H 96: going to queue
687: H 100: started
688: O 19: molecule 17 created
689: H 101: started
690: H 94: going to queue
691: H 100: going to queue
692: H 101: going to queue
693: H 17: creating molecule 18
694: H 40: creating molecule 18
695: H 102: started
696: O 20: creating molecule 18
697: H 17: molecule 18 created
698: H 40: molecule 18 created
699: H 102: going to queue
700: H 103: started
701: O 20: molecule 18 created
702: H 104: started
703: H 104: going to queue
704: H 106: started
705: H 42: creating molecule 19
706: O 21: creating molecule 19
707: H 104: creating molecule 19
708: H 42: molecule 19 created
709: O 21: molecule 19 created
710: H 105: started
711: H 107: started
712: H 103: going to queue
713: H 106: going to queue
714: H 104: molecule 19 created
715: H 108: started
716: H 109: started
717: H 108: going to queue
718: H 111: started
719: H 110: started
720: H 111: going to queue
721: H 113: started
722: H 114: started
723: H 112: started
724: H 105: going to queue
725: H 114: going to queue
726: H 110: going to queue
727: H 44: creating molecule 20
728: H 112: going to queue
729: H 44: molecule 20 created
730: H 116: started
731: O 13: creating molecule 20
732: H 115: started
733: O 13: molecule 20 created
734: H 107: going to queue
735: H 109: going to queue
736: H 117: started
737: H 118: started
738: H 116: going to queue
739: H 43: creating molecule 20
740: H 115: going to queue
741: H 113: going to queue
742: H 117: going to queue
743: H 66: started
744: H 43: molecule 20 created
745: H 119: started
746: H 66: going to queue
747: H 120: started
748: H 122: started
749: H 119: going to queue
750: H 121: started
751: H 118: going to queue
752: H 120: going to queue
753: H 123: started
754: H 119: creating molecule 21
755: H 125: started
756: O 23: creating molecule 21
757: H 122: going to queue
758: H 124: started
759: H 97: started
760: H 45: creating molecule 21
761: H 121: going to queue
762: H 119: molecule 21 created
763: H 123: going to queue
764: H 125: going to queue
765: H 130: started
766: H 126: started
767: H 131: started
768: H 124: going to queue
769: H 128: started
770: H 129: started
771: H 134: started
772: H 97: going to queue
773: H 133: started
774: H 130: going to queue
775: H 127: started
776: H 136: started
777: H 132: started
778: H 131: going to queue
779: H 45: molecule 21 created
780: H 132: going to queue
781: H 128: going to queue
782: O 23: molecule 21 created
783: H 133: going to queue
784: H 129: going to queue
785: H 126: going to queue
786: H 139: started
787: H 135: started
788: H 139: going to queue
789: H 136: going to queue
790: H 46: creating molecule 22
791: H 134: going to queue
792: H 47: creating molecule 22
793: H 138: started
794: H 137: started
795: H 138: going to queue
796: H 140: started
797: H 144: started
798: H 46: molecule 22 created
799: H 145: started
800: H 142: started
801: H 143: started
802: H 148: started
803: H 141: started
804: H 149: started
805: H 150: started
806: H 127: going to queue
807: H 140: going to queue
808: H 47: molecule 22 created
809: H 144: going to queue
810: H 146: started
811: H 152: started
812: H 147: started
813: H 62: started
814: H 142: going to queue
815: H 135: going to queue
816: H 143: going to queue
817: H 155: started
818: O 25: creating molecule 22
819: H 156: started
820: H 137: going to queue
821: H 149: going to queue
822: H 150: going to queue
823: H 151: started
824: H 145: going to queue
825: H 146: going to queue
826: H 153: started
827: H 159: started
828: H 152: going to queue
829: H 160: started
830: H 148: going to queue
831: H 62: going to queue
832: H 161: started
833: H 155: going to queue
834: O 25: molecule 22 created
835: H 162: started
836: H 156: going to queue
837: H 158: started
838: H 163: started
839: H 154: started
840: H 153: going to queue
841: H 147: going to queue
842: H 159: going to queue
843: H 154: going to queue
844: H 160: going to queue
845: H 161: going to queue
846: H 166: started
847: H 98: started
848: H 49: creating molecule 23
849: O 24: creating molecule 23
850: H 48: creating molecule 23
851: O 24: molecule 23 created
852: H 85: started
853: H 151: going to queue
854: H 162: going to queue
855: H 158: going to queue
856: H 85: going to queue
857: H 169: started
858: H 167: started
859: H 169: going to queue
860: H 171: started
861: H 168: started
862: H 49: molecule 23 created
863: H 98: going to queue
864: H 173: started
865: H 163: going to queue
866: H 141: going to queue
867: H 170: started
868: H 166: going to queue
869: H 48: molecule 23 created
870: H 167: going to queue
871: H 157: started
872: H 168: going to queue
873: H 171: going to queue
874: H 180: started
875: H 174: started
876: H 50: creating molecule 24
877: H 157: going to queue
878: H 171: creating molecule 24
879: H 176: started
880: H 178: started
881: H 179: started
882: H 185: started
883: H 172: started
884: H 180: going to queue
885: H 185: going to queue
886: H 170: going to queue
887: O 26: creating molecule 24
888: H 175: started
889: H 171: molecule 24 created
890: H 184: started
891: H 176: going to queue
892: H 178: going to queue
893: H 189: started
894: H 174: going to queue
895: H 186: started
896: H 177: started
897: H 192: started
898: H 172: going to queue
899: H 99: started
900: H 192: going to queue
901: H 50: molecule 24 created
902: H 165: started
903: O 26: molecule 24 created
904: H 188: started
905: H 175: going to queue
906: H 179: going to queue
907: H 187: started
908: H 181: started
909: H 184: going to queue
910: H 189: going to queue
911: H 190: started
912: H 191: started
913: H 173: going to queue
914: H 177: going to queue
915: H 186: going to queue
916: H 191: going to queue
917: H 164: started
918: H 99: going to queue
919: H 190: going to queue
920: H 194: started
921: H 200: started
922: H 194: going to queue
923: O 28: creating molecule 25
924: H 34: creating molecule 25
925: H 200: going to queue
926: H 193: started
927: H 199: started
928: H 193: going to queue
929: H 203: started
930: H 164: going to queue
931: H 165: going to queue
932: H 187: going to queue
933: H 203: going to queue
934: H 196: started
935: H 181: going to queue
936: H 205: started
937: H 198: started
938: O 28: molecule 25 created
939: H 34: molecule 25 created
940: H 188: going to queue
941: H 199: going to queue
942: H 184: creating molecule 25
943: H 207: started
944: H 201: started
945: H 202: started
946: H 196: going to queue
947: H 205: going to queue
948: H 198: going to queue
949: H 202: going to queue
950: H 184: molecule 25 created
951: H 210: started
952: H 207: going to queue
953: H 211: started
954: H 201: going to queue
955: H 204: started
956: H 208: started
957: H 206: started
958: H 207: creating molecule 26
959: H 204: going to queue
960: O 29: creating molecule 26
961: H 207: molecule 26 created
962: H 211: going to queue
963: H 210: going to queue
964: H 213: started
965: H 54: creating molecule 26
966: H 212: started
967: H 206: going to queue
968: H 215: started
969: H 216: started
970: H 214: started
971: H 209: started
972: H 214: going to queue
973: H 208: going to queue
974: H 213: going to queue
975: H 182: started
976: H 212: going to queue
977: H 183: started
978: H 217: started
979: H 221: started
980: H 54: molecule 26 created
981: H 222: started
982: O 29: molecule 26 created
983: H 209: going to queue
984: H 221: going to queue
985: H 216: going to queue
986: H 220: started
987: H 182: going to queue
988: H 183: going to queue
989: H 215: going to queue
990: H 217: going to queue
991: H 222: going to queue
992: H 223: started
993: H 224: started
994: H 219: started
995: H 226: started
996: H 219: going to queue
997: H 227: started
998: H 222: creating molecule 27
999: H 224: going to queue
1000: H 225: started
1001: H 218: started
1002: H 223: going to queue
1003: H 60: creating molecule 27
1004: O 30: creating molecule 27
1005: H 60: molecule 27 created
1006: H 227: going to queue
1007: H 230: started
1008: H 222: molecule 27 created
1009: H 229: started
1010: H 225: going to queue
1011: H 232: started
1012: H 226: going to queue
1013: H 228: started
1014: O 30: molecule 27 created
1015: H 231: started
1016: H 231: going to queue
1017: H 220: going to queue
1018: H 218: going to queue
1019: H 229: going to queue
1020: H 236: started
1021: H 230: going to queue
1022: H 228: going to queue
1023: H 235: started
1024: O 31: creating molecule 28
1025: H 236: going to queue
1026: H 228: creating molecule 28
1027: H 56: creating molecule 28
1028: H 238: started
1029: H 232: going to queue
1030: H 233: started
1031: O 31: molecule 28 created
1032: H 235: going to queue
1033: H 228: molecule 28 created
1034: H 233: going to queue
1035: H 241: started
1036: H 56: molecule 28 created
1037: H 239: started
1038: H 241: going to queue
1039: H 240: started
1040: H 239: going to queue
1041: O 33: creating molecule 29
1042: H 240: going to queue
1043: H 61: creating molecule 29
1044: H 39: creating molecule 29
1045: H 244: started
1046: H 237: started
1047: H 244: going to queue
1048: H 245: started
1049: H 246: started
1050: H 245: going to queue
1051: H 238: going to queue
1052: H 247: started
1053: H 61: molecule 29 created
1054: H 39: molecule 29 created
1055: H 248: started
1056: O 33: molecule 29 created
1057: H 247: going to queue
1058: H 234: started
1059: H 246: going to queue
1060: H 250: started
1061: H 63: creating molecule 30
1062: H 242: started
1063: O 34: creating molecule 30
1064: H 55: creating molecule 30
1065: H 237: going to queue
1066: H 252: started
1067: H 250: going to queue
1068: H 55: molecule 30 created
1069: H 253: started
1070: H 242: going to queue
1071: H 249: started
1072: H 254: started
1073: H 249: going to queue
1074: H 234: going to queue
1075: H 252: going to queue
1076: H 253: going to queue
1077: H 256: started
1078: H 248: going to queue
1079: H 255: started
1080: O 34: molecule 30 created
1081: H 256: going to queue
1082: H 63: molecule 30 created
1083: H 254: going to queue
1084: H 57: creating molecule 31
1085: H 254: creating molecule 31
1086: H 57: molecule 31 created
1087: O 32: creating molecule 31
1088: H 243: started
1089: H 254: molecule 31 created
1090: H 255: going to queue
1091: O 32: molecule 31 created
1092: H 259: started
1093: H 260: started
1094: H 64: creating molecule 32
1095: O 36: creating molecule 32
1096: H 259: going to queue
1097: H 260: going to queue
1098: H 261: started
1099: H 64: molecule 32 created
1100: O 36: molecule 32 created
1101: H 67: creating molecule 32
1102: H 197: started
1103: H 261: going to queue
1104: H 262: started
1105: H 263: started
1106: H 265: started
1107: H 263: going to queue
1108: H 258: started
1109: H 264: started
1110: H 262: going to queue
1111: H 197: going to queue
1112: H 67: molecule 32 created
1113: H 268: started
1114: H 265: going to queue
1115: H 267: started
1116: H 258: going to queue
1117: H 264: going to queue
1118: H 243: going to queue
1119: H 69: creating molecule 33
1120: H 271: started
1121: H 69: molecule 33 created
1122: H 268: going to queue
1123: H 269: started
1124: O 35: creating molecule 33
1125: H 273: started
1126: H 70: creating molecule 33
1127: H 271: going to queue
1128: H 267: going to queue
1129: H 274: started
1130: H 269: going to queue
1131: O 35: molecule 33 created
1132: H 275: started
1133: H 70: molecule 33 created
1134: H 266: started
1135: H 277: started
1136: H 274: going to queue
1137: H 71: creating molecule 34
1138: H 18: creating molecule 34
1139: H 273: going to queue
1140: H 277: going to queue
1141: H 71: molecule 34 created
1142: H 266: going to queue
1143: H 280: started
1144: H 281: started
1145: H 280: going to queue
1146: H 279: started
1147: O 37: creating molecule 35
1148: H 18: molecule 34 created
1149: H 195: started
1150: H 281: going to queue
1151: H 282: started
1152: H 272: started
1153: H 285: started
1154: H 279: going to queue
1155: H 286: started
1156: H 251: started
1157: H 195: going to queue
1158: H 270: started
1159: H 275: going to queue
1160: H 284: started
1161: H 282: going to queue
1162: H 276: started
1163: H 272: going to queue
1164: O 37: molecule 35 created
1165: H 285: going to queue
1166: H 287: started
1167: H 293: started
1168: H 289: started
1169: H 251: going to queue
1170: H 286: going to queue
1171: H 270: going to queue
1172: H 284: going to queue
1173: H 290: started
1174: H 296: started
1175: H 290: going to queue
1176: H 276: going to queue
1177: H 287: going to queue
1178: H 294: started
1179: H 288: started
1180: H 299: started
1181: H 288: going to queue
1182: O 38: creating molecule 36
1183: H 73: creating molecule 36
1184: H 289: going to queue
1185: H 299: going to queue
1186: O 38: molecule 36 created
1187: H 292: started
1188: H 297: started
1189: H 296: going to queue
1190: H 298: started
1191: H 294: going to queue
1192: H 295: started
1193: H 72: creating molecule 36
1194: H 300: started
1195: H 73: molecule 36 created
1196: H 306: started
1197: H 291: started
1198: H 301: started
1199: H 302: started
1200: H 292: going to queue
1201: H 310: started
1202: H 297: going to queue
1203: H 311: started
1204: H 298: going to queue
1205: H 305: started
1206: H 295: going to queue
1207: H 72: molecule 36 created
1208: H 313: started
1209: H 313: going to queue
1210: H 305: going to queue
1211: H 308: started
1212: H 313: creating molecule 37
1213: O 40: creating molecule 37
1214: H 309: started
1215: H 303: started
1216: H 309: going to queue
1217: H 317: started
1218: H 304: started
1219: H 317: going to queue
1220: H 310: going to queue
1221: H 293: going to queue
1222: H 304: going to queue
1223: H 307: started
1224: H 312: started
1225: H 307: going to queue
1226: H 306: going to queue
1227: H 321: started
1228: H 308: going to queue
1229: H 313: molecule 37 created
1230: H 321: going to queue
1231: H 324: started
1232: H 291: going to queue
1233: H 302: going to queue
1234: H 303: going to queue
1235: H 318: started
1236: H 320: started
1237: H 328: started
1238: H 329: started
1239: H 330: started
1240: H 331: started
1241: H 312: going to queue
1242: H 319: started
1243: H 333: started
1244: H 316: started
1245: H 257: started
1246: H 316: going to queue
1247: H 325: started
1248: H 327: started
1249: H 336: started
1250: H 318: going to queue
1251: H 74: creating molecule 37
1252: H 326: started
1253: H 320: going to queue
1254: H 340: started
1255: H 329: going to queue
1256: H 330: going to queue
1257: H 332: started
1258: H 322: started
1259: H 319: going to queue
1260: H 343: started
1261: H 344: started
1262: H 301: going to queue
1263: H 345: started
1264: H 334: started
1265: H 345: going to queue
1266: H 324: going to queue
1267: H 347: started
1268: H 257: going to queue
1269: H 348: started
1270: H 337: started
1271: H 327: going to queue
1272: H 350: started
1273: H 336: going to queue
1274: H 351: started
1275: H 328: going to queue
1276: H 353: started
1277: H 354: started
1278: H 341: started
1279: H 340: going to queue
1280: H 356: started
1281: H 341: going to queue
1282: H 332: going to queue
1283: H 322: going to queue
1284: H 357: started
1285: O 40: molecule 37 created
1286: H 343: going to queue
1287: H 300: going to queue
1288: H 357: going to queue
1289: H 335: started
1290: H 344: going to queue
1291: H 360: started
1292: H 346: started
1293: H 360: going to queue
1294: H 347: going to queue
1295: H 349: started
1296: H 339: started
1297: H 337: going to queue
1298: H 361: started
1299: H 74: molecule 37 created
1300: H 350: going to queue
1301: H 351: going to queue
1302: H 326: going to queue
1303: H 338: started
1304: H 315: started
1305: H 32: creating molecule 38
1306: H 31: creating molecule 38
1307: H 342: started
1308: H 331: going to queue
1309: H 342: going to queue
1310: H 358: started
1311: H 311: going to queue
1312: H 333: going to queue
1313: H 359: started
1314: H 334: going to queue
1315: H 278: started
1316: H 335: going to queue
1317: H 367: started
1318: H 346: going to queue
1319: H 362: started
1320: H 349: going to queue
1321: H 348: going to queue
1322: H 339: going to queue
1323: H 363: started
1324: H 361: going to queue
1325: H 365: started
1326: H 372: started
1327: O 41: creating molecule 38
1328: H 374: started
1329: H 354: going to queue
1330: H 283: started
1331: H 315: going to queue
1332: H 31: molecule 38 created
1333: H 374: going to queue
1334: H 353: going to queue
1335: H 356: going to queue
1336: H 366: started
1337: H 358: going to queue
1338: H 364: started
1339: H 368: started
1340: H 359: going to queue
1341: H 325: going to queue
1342: H 278: going to queue
1343: H 369: started
1344: H 379: started
1345: H 370: started
1346: H 362: going to queue
1347: H 363: going to queue
1348: H 338: going to queue
1349: H 370: going to queue
1350: H 381: started
1351: H 373: started
1352: H 381: going to queue
1353: H 355: started
1354: H 372: going to queue
1355: H 383: started
1356: H 32: molecule 38 created
1357: H 283: going to queue
1358: H 376: started
1359: H 387: started
1360: H 377: started
1361: H 364: going to queue
1362: H 368: going to queue
1363: H 367: going to queue
1364: H 389: started
1365: H 380: started
1366: H 365: going to queue
1367: H 380: going to queue
1368: H 371: started
1369: H 382: started
1370: H 373: going to queue
1371: H 355: going to queue
1372: H 382: going to queue
1373: H 384: started
1374: H 393: started
1375: H 393: going to queue
1376: H 386: started
1377: H 383: going to queue
1378: H 366: going to queue
1379: H 376: going to queue
1380: H 323: started
1381: H 386: going to queue
1382: H 387: going to queue
1383: H 377: going to queue
1384: H 369: going to queue
1385: H 391: started
1386: H 379: going to queue
1387: H 371: going to queue
1388: H 392: started
1389: H 391: going to queue
1390: H 389: going to queue
1391: O 41: molecule 38 created
1392: H 392: going to queue
1393: H 385: started
1394: H 394: started
1395: H 68: creating molecule 39
1396: H 68: molecule 39 created
1397: H 394: going to queue
1398: H 397: started
1399: H 323: going to queue
1400: H 398: started
1401: H 384: going to queue
1402: H 385: going to queue
1403: H 395: started
1404: H 77: creating molecule 39
1405: O 43: creating molecule 39
1406: H 395: going to queue
1407: H 396: started
1408: H 388: started
1409: H 401: started
1410: H 397: going to queue
1411: H 399: started
1412: H 398: going to queue
1413: H 314: started
1414: H 77: molecule 39 created
1415: O 43: molecule 39 created
1416: H 396: going to queue
1417: H 314: going to queue
1418: H 401: going to queue
1419: H 378: started
1420: H 399: going to queue
1421: H 400: started
1422: H 400: going to queue
1423: O 42: creating molecule 40
1424: H 375: started
1425: O 42: molecule 40 created
1426: H 352: started
1427: H 80: creating molecule 40
1428: H 378: going to queue
1429: H 390: started
1430: H 388: going to queue
1431: H 78: creating molecule 40
1432: H 375: going to queue
1433: H 80: molecule 40 created
1434: H 352: going to queue
1435: H 390: going to queue
1436: H 78: molecule 40 created
1437: H 79: creating molecule 41
1438: O 39: creating molecule 41
1439: H 83: creating molecule 41
1440: H 79: molecule 41 created
1441: O 39: molecule 41 created
1442: H 83: molecule 41 created
1443: H 84: creating molecule 42
1444: H 82: creating molecule 42
1445: O 44: creating molecule 42
1446: H 84: molecule 42 created
1447: O 44: molecule 42 created
1448: H 82: molecule 42 created
1449: H 88: creating molecule 43
1450: O 45: creating molecule 43
1451: H 90: creating molecule 43
1452: H 88: molecule 43 created
1453: O 45: molecule 43 created
1454: H 90: molecule 43 created
1455: H 81: creating molecule 44
1456: O 47: creating molecule 44
1457: H 93: creating molecule 44
1458: H 81: molecule 44 created
1459: O 47: molecule 44 created
1460: H 93: molecule 44 created
1461: H 87: creating molecule 45
1462: H 35: creating molecule 45
1463: O 48: creating molecule 45
1464: H 87: molecule 45 created
1465: H 35: molecule 45 created
1466: O 48: molecule 45 created
1467: H 92: creating molecule 46
1468: O 49: creating molecule 46
1469: H 86: creating molecule 46
1470: H 92: molecule 46 created
1471: O 49: molecule 46 created
1472: H 86: molecule 46 created
1473: H 95: creating molecule 47
1474: O 50: creating molecule 47
1475: H 91: creating molecule 47
1476: H 95: molecule 47 created
1477: O 50: molecule 47 created
1478: H 91: molecule 47 created
1479: H 96: creating molecule 48
1480: O 17: creating molecule 48
1481: H 94: creating molecule 48
1482: H 96: molecule 48 created
1483: O 17: molecule 48 created
1484: H 94: molecule 48 created
1485: H 100: creating molecule 49
1486: H 101: creating molecule 49
1487: O 27: creating molecule 49
1488: H 100: molecule 49 created
1489: H 101: molecule 49 created
1490: O 27: molecule 49 created
1491: H 102: creating molecule 50
1492: H 41: creating molecule 50
1493: O 22: creating molecule 50
1494: H 102: molecule 50 created
1495: H 41: molecule 50 created
1496: O 22: molecule 50 created
1497: H 103: creating molecule 51
1498: H 106: creating molecule 51
1499: O 51: creating molecule 51
1500: H 103: molecule 51 created
1501: H 106: molecule 51 created
1502: O 51: molecule 51 created
1503: H 108: creating molecule 52
1504: H 111: creating molecule 52
1505: O 53: creating molecule 52
1506: H 108: molecule 52 created
1507: H 111: molecule 52 created
1508: O 53: molecule 52 created
1509: H 114: creating molecule 53
1510: O 54: creating molecule 53
1511: H 110: creating molecule 53
1512: H 114: molecule 53 created
1513: O 54: molecule 53 created
1514: H 110: molecule 53 created
1515: H 105: creating molecule 54
1516: O 55: creating molecule 54
1517: H 112: creating molecule 54
1518: H 105: molecule 54 created
1519: O 55: molecule 54 created
1520: H 112: molecule 54 created
1521: H 107: creating molecule 55
1522: H 109: creating molecule 55
1523: O 57: creating molecule 55
1524: H 107: molecule 55 created
1525: O 57: molecule 55 created
1526: H 109: molecule 55 created
1527: H 116: creating molecule 56
1528: O 56: creating molecule 56
1529: H 115: creating molecule 56
1530: H 116: molecule 56 created
1531: H 115: molecule 56 created
1532: O 56: molecule 56 created
1533: H 113: creating molecule 57
1534: H 117: creating molecule 57
1535: O 59: creating molecule 57
1536: H 113: molecule 57 created
1537: H 117: molecule 57 created
1538: O 59: molecule 57 created
1539: H 66: creating molecule 58
1540: O 58: creating molecule 58
1541: H 118: creating molecule 58
1542: H 66: molecule 58 created
1543: O 58: molecule 58 created
1544: H 118: molecule 58 created
1545: H 120: creating molecule 59
1546: H 122: creating molecule 59
1547: O 60: creating molecule 59
1548: H 120: molecule 59 created
1549: H 122: molecule 59 created
1550: O 60: molecule 59 created
1551: H 121: creating molecule 60
1552: H 123: creating molecule 60
1553: O 46: creating molecule 60
1554: H 121: molecule 60 created
1555: H 123: molecule 60 created
1556: O 46: molecule 60 created
1557: H 125: creating molecule 61
1558: H 124: creating molecule 61
1559: O 63: creating molecule 61
1560: H 125: molecule 61 created
1561: H 124: molecule 61 created
1562: O 63: molecule 61 created
1563: H 97: creating molecule 62
1564: H 130: creating molecule 62
1565: O 52: creating molecule 62
1566: H 97: molecule 62 created
1567: H 130: molecule 62 created
1568: O 52: molecule 62 created
1569: H 131: creating molecule 63
1570: H 132: creating molecule 63
1571: O 64: creating molecule 63
1572: H 132: molecule 63 created
1573: O 64: molecule 63 created
1574: H 131: molecule 63 created
1575: H 128: creating molecule 64
1576: H 133: creating molecule 64
1577: O 65: creating molecule 64
1578: H 128: molecule 64 created
1579: H 133: molecule 64 created
1580: O 65: molecule 64 created
1581: H 129: creating molecule 65
1582: H 126: creating molecule 65
1583: O 67: creating molecule 65
1584: H 129: molecule 65 created
1585: H 126: molecule 65 created
1586: O 67: molecule 65 created
1587: H 139: creating molecule 66
1588: H 136: creating molecule 66
1589: O 68: creating molecule 66
1590: H 139: molecule 66 created
1591: H 136: molecule 66 created
1592: O 68: molecule 66 created
1593: H 134: creating molecule 67
1594: H 138: creating molecule 67
1595: O 69: creating molecule 67
1596: H 134: molecule 67 created
1597: H 138: molecule 67 created
1598: O 69: molecule 67 created
1599: H 127: creating molecule 68
1600: O 70: creating molecule 68
1601: H 140: creating molecule 68
1602: H 127: molecule 68 created
1603: O 70: molecule 68 created
1604: H 140: molecule 68 created
1605: H 144: creating molecule 69
1606: H 142: creating molecule 69
1607: O 71: creating molecule 69
1608: H 144: molecule 69 created
1609: H 142: molecule 69 created
1610: O 71: molecule 69 created
1611: H 135: creating molecule 70
1612: H 143: creating molecule 70
1613: O 72: creating molecule 70
1614: H 135: molecule 70 created
1615: H 143: molecule 70 created
1616: O 72: molecule 70 created
1617: H 137: creating molecule 71
1618: O 73: creating molecule 71
1619: H 149: creating molecule 71
1620: H 137: molecule 71 created
1621: O 73: molecule 71 created
1622: H 149: molecule 71 created
1623: H 150: creating molecule 72
1624: H 145: creating molecule 72
1625: O 62: creating molecule 72
1626: O 62: molecule 72 created
1627: H 145: molecule 72 created
1628: H 150: molecule 72 created
1629: H 146: creating molecule 73
1630: O 75: creating molecule 73
1631: H 152: creating molecule 73
1632: H 146: molecule 73 created
1633: O 75: molecule 73 created
1634: H 152: molecule 73 created
1635: H 148: creating molecule 74
1636: H 62: creating molecule 74
1637: O 76: creating molecule 74
1638: H 148: molecule 74 created
1639: H 62: molecule 74 created
1640: O 76: molecule 74 created
1641: H 155: creating molecule 75
1642: H 156: creating molecule 75
1643: O 74: creating molecule 75
1644: H 155: molecule 75 created
1645: H 156: molecule 75 created
1646: O 74: molecule 75 created
1647: H 153: creating molecule 76
1648: H 147: creating molecule 76
1649: O 77: creating molecule 76
1650: H 153: molecule 76 created
1651: H 147: molecule 76 created
1652: O 77: molecule 76 created
1653: H 159: creating molecule 77
1654: O 78: creating molecule 77
1655: H 154: creating molecule 77
1656: H 159: molecule 77 created
1657: O 78: molecule 77 created
1658: H 154: molecule 77 created
1659: H 160: creating molecule 78
1660: H 161: creating molecule 78
1661: H 160: molecule 78 created
1662: H 161: molecule 78 created
1663: O 79: creating molecule 79
1664: O 79: molecule 79 created
1665: H 151: creating molecule 80
1666: H 162: creating molecule 80
1667: O 81: creating molecule 80
1668: H 151: molecule 80 created
1669: O 81: molecule 80 created
1670: H 162: molecule 80 created
1671: H 158: creating molecule 81
1672: H 85: creating molecule 81
1673: O 61: creating molecule 81
1674: H 158: molecule 81 created
1675: H 85: molecule 81 created
1676: O 61: molecule 81 created
1677: H 169: creating molecule 82
1678: H 98: creating molecule 82
1679: O 80: creating molecule 82
1680: H 169: molecule 82 created
1681: H 98: molecule 82 created
1682: O 80: molecule 82 created
1683: H 163: creating molecule 83
1684: H 141: creating molecule 83
1685: O 84: creating molecule 83
1686: H 163: molecule 83 created
1687: H 141: molecule 83 created
1688: O 84: molecule 83 created
1689: H 166: creating molecule 84
1690: H 167: creating molecule 84
1691: O 83: creating molecule 84
1692: H 166: molecule 84 created
1693: H 167: molecule 84 created
1694: O 83: molecule 84 created
1695: H 168: creating molecule 85
1696: H 21: creating molecule 85
1697: O 82: creating molecule 85
1698: H 168: molecule 85 created
1699: H 21: molecule 85 created
1700: O 82: molecule 85 created
1701: H 157: creating molecule 86
1702: H 180: creating molecule 86
1703: O 86: creating molecule 86
1704: H 157: molecule 86 created
1705: H 180: molecule 86 created
1706: O 86: molecule 86 created
1707: H 170: creating molecule 87
1708: H 185: creating molecule 87
1709: O 85: creating molecule 87
1710: H 170: molecule 87 created
1711: H 185: molecule 87 created
1712: O 85: molecule 87 created
1713: H 178: creating molecule 88
1714: O 66: creating molecule 88
1715: H 176: creating molecule 88
1716: H 178: molecule 88 created
1717: O 66: molecule 88 created
1718: H 176: molecule 88 created
1719: H 174: creating molecule 89
1720: O 91: creating molecule 89
1721: H 172: creating molecule 89
1722: H 174: molecule 89 created
1723: O 91: molecule 89 created
1724: H 172: molecule 89 created
1725: H 192: creating molecule 90
1726: H 175: creating molecule 90
1727: O 93: creating molecule 90
1728: H 192: molecule 90 created
1729: H 175: molecule 90 created
1730: O 93: molecule 90 created
1731: H 179: creating molecule 91
1732: O 92: creating molecule 91
1733: H 189: creating molecule 91
1734: H 179: molecule 91 created
1735: O 92: molecule 91 created
1736: H 189: molecule 91 created
1737: H 53: creating molecule 92
1738: H 173: creating molecule 92
1739: O 94: creating molecule 92
1740: H 53: molecule 92 created
1741: H 173: molecule 92 created
1742: O 94: molecule 92 created
1743: H 177: creating molecule 93
1744: H 186: creating molecule 93
1745: O 88: creating molecule 93
1746: H 177: molecule 93 created
1747: H 186: molecule 93 created
1748: O 88: molecule 93 created
1749: H 191: creating molecule 94
1750: H 99: creating molecule 94
1751: O 90: creating molecule 94
1752: H 191: molecule 94 created
1753: H 99: molecule 94 created
1754: O 90: molecule 94 created
1755: H 190: creating molecule 95
1756: H 194: creating molecule 95
1757: O 95: creating molecule 95
1758: H 190: molecule 95 created
1759: H 194: molecule 95 created
1760: O 95: molecule 95 created
1761: H 200: creating molecule 96
1762: H 193: creating molecule 96
1763: O 98: creating molecule 96
1764: H 200: molecule 96 created
1765: H 193: molecule 96 created
1766: O 98: molecule 96 created
1767: H 164: creating molecule 97
1768: O 96: creating molecule 97
1769: H 165: creating molecule 97
1770: H 164: molecule 97 created
1771: O 96: molecule 97 created
1772: H 165: molecule 97 created
1773: H 187: creating molecule 98
1774: H 203: creating molecule 98
1775: O 100: creating molecule 98
1776: H 187: molecule 98 created
1777: H 203: molecule 98 created
1778: O 100: molecule 98 created
1779: H 181: creating molecule 99
1780: H 188: creating molecule 99
1781: H 181: molecule 99 created
1782: O 101: creating molecule 99
1783: H 188: molecule 99 created
1784: O 101: molecule 99 created
1785: H 199: creating molecule 100
1786: H 196: creating molecule 100
1787: O 99: creating molecule 100
1788: H 199: molecule 100 created
1789: H 196: molecule 100 created
1790: O 99: molecule 100 created
1791: H 205: creating molecule 101
1792: H 198: creating molecule 101
1793: O 102: creating molecule 101
1794: H 205: molecule 101 created
1795: H 198: molecule 101 created
1796: O 102: molecule 101 created
1797: H 202: creating molecule 102
1798: H 51: creating molecule 102
1799: O 103: creating molecule 102
1800: H 202: molecule 102 created
1801: H 51: molecule 102 created
1802: O 103: molecule 102 created
1803: H 201: creating molecule 103
1804: O 89: creating molecule 103
1805: H 204: creating molecule 103
1806: H 201: molecule 103 created
1807: O 89: molecule 103 created
1808: H 204: molecule 103 created
1809: H 211: creating molecule 104
1810: H 210: creating molecule 104
1811: O 105: creating molecule 104
1812: H 211: molecule 104 created
1813: H 210: molecule 104 created
1814: O 105: molecule 104 created
1815: H 206: creating molecule 105
1816: H 214: creating molecule 105
1817: O 106: creating molecule 105
1818: H 206: molecule 105 created
1819: H 214: molecule 105 created
1820: O 106: molecule 105 created
1821: H 208: creating molecule 106
1822: H 213: creating molecule 106
1823: O 108: creating molecule 106
1824: H 208: molecule 106 created
1825: H 213: molecule 106 created
1826: O 108: molecule 106 created
1827: H 212: creating molecule 107
1828: O 107: creating molecule 107
1829: H 209: creating molecule 107
1830: H 212: molecule 107 created
1831: H 209: molecule 107 created
1832: O 107: molecule 107 created
1833: H 221: creating molecule 108
1834: H 216: creating molecule 108
1835: H 221: molecule 108 created
1836: H 216: molecule 108 created
1837: O 97: creating molecule 109
1838: O 97: molecule 109 created
1839: H 182: creating molecule 110
1840: H 183: creating molecule 110
1841: O 87: creating molecule 110
1842: H 182: molecule 110 created
1843: H 183: molecule 110 created
1844: O 87: molecule 110 created
1845: H 215: creating molecule 111
1846: H 217: creating molecule 111
1847: O 115: creating molecule 111
1848: H 215: molecule 111 created
1849: H 217: molecule 111 created
1850: O 115: molecule 111 created
1851: H 219: creating molecule 112
1852: O 110: creating molecule 112
1853: H 3: creating molecule 112
1854: H 219: molecule 112 created
1855: O 110: molecule 112 created
1856: H 3: molecule 112 created
1857: H 224: creating molecule 113
1858: O 111: creating molecule 113
1859: H 223: creating molecule 113
1860: H 224: molecule 113 created
1861: O 111: molecule 113 created
1862: H 223: molecule 113 created
1863: H 227: creating molecule 114
1864: H 225: creating molecule 114
1865: O 114: creating molecule 114
1866: H 227: molecule 114 created
1867: H 225: molecule 114 created
1868: O 114: molecule 114 created
1869: H 226: creating molecule 115
1870: H 231: creating molecule 115
1871: O 112: creating molecule 115
1872: O 112: molecule 115 created
1873: H 226: molecule 115 created
1874: H 231: molecule 115 created
1875: H 220: creating molecule 116
1876: H 229: creating molecule 116
1877: O 113: creating molecule 116
1878: H 220: molecule 116 created
1879: H 229: molecule 116 created
1880: O 113: molecule 116 created
1881: H 218: creating molecule 117
1882: O 109: creating molecule 117
1883: H 230: creating molecule 117
1884: H 218: molecule 117 created
1885: O 109: molecule 117 created
1886: H 230: molecule 117 created
1887: H 59: creating molecule 118
1888: H 236: creating molecule 118
1889: O 121: creating molecule 118
1890: H 59: molecule 118 created
1891: H 236: molecule 118 created
1892: O 121: molecule 118 created
1893: H 235: creating molecule 119
1894: O 116: creating molecule 119
1895: H 232: creating molecule 119
1896: O 116: molecule 119 created
1897: H 232: molecule 119 created
1898: H 235: molecule 119 created
1899: H 233: creating molecule 120
1900: H 239: creating molecule 120
1901: O 120: creating molecule 120
1902: H 233: molecule 120 created
1903: H 239: molecule 120 created
1904: O 120: molecule 120 created
1905: H 241: creating molecule 121
1906: H 240: creating molecule 121
1907: O 122: creating molecule 121
1908: H 241: molecule 121 created
1909: H 240: molecule 121 created
1910: O 122: molecule 121 created
1911: H 244: creating molecule 122
1912: H 245: creating molecule 122
1913: O 117: creating molecule 122
1914: H 244: molecule 122 created
1915: H 245: molecule 122 created
1916: O 117: molecule 122 created
1917: H 238: creating molecule 123
1918: H 247: creating molecule 123
1919: O 119: creating molecule 123
1920: H 238: molecule 123 created
1921: H 247: molecule 123 created
1922: O 119: molecule 123 created
1923: H 246: creating molecule 124
1924: H 237: creating molecule 124
1925: O 123: creating molecule 124
1926: H 246: molecule 124 created
1927: H 237: molecule 124 created
1928: O 123: molecule 124 created
1929: H 250: creating molecule 125
1930: H 242: creating molecule 125
1931: O 125: creating molecule 125
1932: H 250: molecule 125 created
1933: H 242: molecule 125 created
1934: O 125: molecule 125 created
1935: H 249: creating molecule 126
1936: H 234: creating molecule 126
1937: O 124: creating molecule 126
1938: H 249: molecule 126 created
1939: H 234: molecule 126 created
1940: O 124: molecule 126 created
1941: H 252: creating molecule 127
1942: H 253: creating molecule 127
1943: O 128: creating molecule 127
1944: H 252: molecule 127 created
1945: H 253: molecule 127 created
1946: O 128: molecule 127 created
1947: H 248: creating molecule 128
1948: H 256: creating molecule 128
1949: O 127: creating molecule 128
1950: O 127: molecule 128 created
1951: H 248: molecule 128 created
1952: H 256: molecule 128 created
1953: H 65: creating molecule 129
1954: H 255: creating molecule 129
1955: O 126: creating molecule 129
1956: H 255: molecule 129 created
1957: H 65: molecule 129 created
1958: O 126: molecule 129 created
1959: H 259: creating molecule 130
1960: H 260: creating molecule 130
1961: O 129: creating molecule 130
1962: H 259: molecule 130 created
1963: H 260: molecule 130 created
1964: O 129: molecule 130 created
1965: H 261: creating molecule 131
1966: O 130: creating molecule 131
1967: H 263: creating molecule 131
1968: H 261: molecule 131 created
1969: O 130: molecule 131 created
1970: H 263: molecule 131 created
1971: H 262: creating molecule 132
1972: H 197: creating molecule 132
1973: O 132: creating molecule 132
1974: H 262: molecule 132 created
1975: H 197: molecule 132 created
1976: O 132: molecule 132 created
1977: H 265: creating molecule 133
1978: O 131: creating molecule 133
1979: H 258: creating molecule 133
1980: H 265: molecule 133 created
1981: O 131: molecule 133 created
1982: H 258: molecule 133 created
1983: H 243: creating molecule 134
1984: H 264: creating molecule 134
1985: O 133: creating molecule 134
1986: H 243: molecule 134 created
1987: H 264: molecule 134 created
1988: O 133: molecule 134 created
1989: H 268: creating molecule 135
1990: O 138: creating molecule 135
1991: H 271: creating molecule 135
1992: H 268: molecule 135 created
1993: O 138: molecule 135 created
1994: H 271: molecule 135 created
1995: H 267: creating molecule 136
1996: H 269: creating molecule 136
1997: O 137: creating molecule 136
1998: H 267: molecule 136 created
1999: H 269: molecule 136 created
2000: O 137: molecule 136 created
2001: H 274: creating molecule 137
2002: H 273: creating molecule 137
2003: O 139: creating molecule 137
2004: O 139: molecule 137 created
2005: H 273: molecule 137 created
2006: H 274: molecule 137 created
2007: H 277: creating molecule 138
2008: H 266: creating molecule 138
2009: O 135: creating molecule 138
2010: H 277: molecule 138 created
2011: O 135: molecule 138 created
2012: H 266: molecule 138 created
2013: H 280: creating molecule 139
2014: H 281: creating molecule 139
2015: O 136: creating molecule 139
2016: H 280: molecule 139 created
2017: H 281: molecule 139 created
2018: O 136: molecule 139 created
2019: H 279: creating molecule 140
2020: H 195: creating molecule 140
2021: O 134: creating molecule 140
2022: H 279: molecule 140 created
2023: H 195: molecule 140 created
2024: O 134: molecule 140 created
2025: H 275: creating molecule 141
2026: O 141: creating molecule 141
2027: H 282: creating molecule 141
2028: H 275: molecule 141 created
2029: O 141: molecule 141 created
2030: H 282: molecule 141 created
2031: H 285: creating molecule 142
2032: O 143: creating molecule 142
2033: H 272: creating molecule 142
2034: H 285: molecule 142 created
2035: O 143: molecule 142 created
2036: H 272: molecule 142 created
2037: H 251: creating molecule 143
2038: H 286: creating molecule 143
2039: O 144: creating molecule 143
2040: H 251: molecule 143 created
2041: H 286: molecule 143 created
2042: O 144: molecule 143 created
2043: H 284: creating molecule 144
2044: H 270: creating molecule 144
2045: O 142: creating molecule 144
2046: H 284: molecule 144 created
2047: H 270: molecule 144 created
2048: O 142: molecule 144 created
2049: H 290: creating molecule 145
2050: H 276: creating molecule 145
2051: O 145: creating molecule 145
2052: H 290: molecule 145 created
2053: H 276: molecule 145 created
2054: O 145: molecule 145 created
2055: H 287: creating molecule 146
2056: H 288: creating molecule 146
2057: O 146: creating molecule 146
2058: H 287: molecule 146 created
2059: H 288: molecule 146 created
2060: O 146: molecule 146 created
2061: H 289: creating molecule 147
2062: O 147: creating molecule 147
2063: H 299: creating molecule 147
2064: H 289: molecule 147 created
2065: O 147: molecule 147 created
2066: H 299: molecule 147 created
2067: H 296: creating molecule 148
2068: O 148: creating molecule 148
2069: H 294: creating molecule 148
2070: H 296: molecule 148 created
2071: O 148: molecule 148 created
2072: H 294: molecule 148 created
2073: H 292: creating molecule 149
2074: H 297: creating molecule 149
2075: O 149: creating molecule 149
2076: H 292: molecule 149 created
2077: H 297: molecule 149 created
2078: O 149: molecule 149 created
2079: H 298: creating molecule 150
2080: H 295: creating molecule 150
2081: O 150: creating molecule 150
2082: H 298: molecule 150 created
2083: H 295: molecule 150 created
2084: O 150: molecule 150 created
2085: H 75: creating molecule 151
2086: H 305: creating molecule 151
2087: O 151: creating molecule 151
2088: H 75: molecule 151 created
2089: H 305: molecule 151 created
2090: O 151: molecule 151 created
2091: H 309: creating molecule 152
2092: H 317: creating molecule 152
2093: O 152: creating molecule 152
2094: H 309: molecule 152 created
2095: H 317: molecule 152 created
2096: O 152: molecule 152 created
2097: H 310: creating molecule 153
2098: H 293: creating molecule 153
2099: O 153: creating molecule 153
2100: H 310: molecule 153 created
2101: H 293: molecule 153 created
2102: O 153: molecule 153 created
2103: H 304: creating molecule 154
2104: H 307: creating molecule 154
2105: O 156: creating molecule 154
2106: H 304: molecule 154 created
2107: H 307: molecule 154 created
2108: O 156: molecule 154 created
2109: H 306: creating molecule 155
2110: H 308: creating molecule 155
2111: O 155: creating molecule 155
2112: H 306: molecule 155 created
2113: H 308: molecule 155 created
2114: O 155: molecule 155 created
2115: H 321: creating molecule 156
2116: H 291: creating molecule 156
2117: O 154: creating molecule 156
2118: H 321: molecule 156 created
2119: O 154: molecule 156 created
2120: H 291: molecule 156 created
2121: H 302: creating molecule 157
2122: H 303: creating molecule 157
2123: O 157: creating molecule 157
2124: H 302: molecule 157 created
2125: H 303: molecule 157 created
2126: O 157: molecule 157 created
2127: H 312: creating molecule 158
2128: H 316: creating molecule 158
2129: O 159: creating molecule 158
2130: H 312: molecule 158 created
2131: H 316: molecule 158 created
2132: O 159: molecule 158 created
2133: H 318: creating molecule 159
2134: O 158: creating molecule 159
2135: H 320: creating molecule 159
2136: H 318: molecule 159 created
2137: O 158: molecule 159 created
2138: H 320: molecule 159 created
2139: H 329: creating molecule 160
2140: O 160: creating molecule 160
2141: H 330: creating molecule 160
2142: H 329: molecule 160 created
2143: O 160: molecule 160 created
2144: H 330: molecule 160 created
2145: H 319: creating molecule 161
2146: O 161: creating molecule 161
2147: H 301: creating molecule 161
2148: H 319: molecule 161 created
2149: O 161: molecule 161 created
2150: H 301: molecule 161 created
2151: H 324: creating molecule 162
2152: H 345: creating molecule 162
2153: O 162: creating molecule 162
2154: H 324: molecule 162 created
2155: H 345: molecule 162 created
2156: O 162: molecule 162 created
2157: H 257: creating molecule 163
2158: H 327: creating molecule 163
2159: O 163: creating molecule 163
2160: H 257: molecule 163 created
2161: H 327: molecule 163 created
2162: O 163: molecule 163 created
2163: H 328: creating molecule 164
2164: O 164: creating molecule 164
2165: H 328: molecule 164 created
2166: O 164: molecule 164 created
2167: H 336: creating molecule 165
2168: H 336: molecule 165 created
2169: H 340: creating molecule 166
2170: H 341: creating molecule 166
2171: O 165: creating molecule 166
2172: H 341: molecule 166 created
2173: O 165: molecule 166 created
2174: H 340: molecule 166 created
2175: H 332: creating molecule 167
2176: H 322: creating molecule 167
2177: O 168: creating molecule 167
2178: H 332: molecule 167 created
2179: H 322: molecule 167 created
2180: O 168: molecule 167 created
2181: H 343: creating molecule 168
2182: H 300: creating molecule 168
2183: O 167: creating molecule 168
2184: H 343: molecule 168 created
2185: H 300: molecule 168 created
2186: O 167: molecule 168 created
2187: H 357: creating molecule 169
2188: O 166: creating molecule 169
2189: H 344: creating molecule 169
2190: H 357: molecule 169 created
2191: O 166: molecule 169 created
2192: H 344: molecule 169 created
2193: H 347: creating molecule 170
2194: O 169: creating molecule 170
2195: H 360: creating molecule 170
2196: H 360: molecule 170 created
2197: O 169: molecule 170 created
2198: H 347: molecule 170 created
2199: H 337: creating molecule 171
2200: H 350: creating molecule 171
2201: O 170: creating molecule 171
2202: H 337: molecule 171 created
2203: H 350: molecule 171 created
2204: O 170: molecule 171 created
2205: H 351: creating molecule 172
2206: H 326: creating molecule 172
2207: O 104: creating molecule 172
2208: H 351: molecule 172 created
2209: H 326: molecule 172 created
2210: O 104: molecule 172 created
2211: H 331: creating molecule 173
2212: H 342: creating molecule 173
2213: O 171: creating molecule 173
2214: H 331: molecule 173 created
2215: H 342: molecule 173 created
2216: O 171: molecule 173 created
2217: H 333: creating molecule 174
2218: O 172: creating molecule 174
2219: H 333: molecule 174 created
2220: H 311: creating molecule 174
2221: O 172: molecule 174 created
2222: H 311: molecule 174 created
2223: H 335: creating molecule 175
2224: O 118: creating molecule 175
2225: H 334: creating molecule 175
2226: H 334: molecule 175 created
2227: O 118: molecule 175 created
2228: H 335: molecule 175 created
2229: H 346: creating molecule 176
2230: H 349: creating molecule 176
2231: O 175: creating molecule 176
2232: H 346: molecule 176 created
2233: H 349: molecule 176 created
2234: O 175: molecule 176 created
2235: H 348: creating molecule 177
2236: H 339: creating molecule 177
2237: O 176: creating molecule 177
2238: H 348: molecule 177 created
2239: O 176: molecule 177 created
2240: H 339: molecule 177 created
2241: H 361: creating molecule 178
2242: H 354: creating molecule 178
2243: O 177: creating molecule 178
2244: H 361: molecule 178 created
2245: H 354: molecule 178 created
2246: O 177: molecule 178 created
2247: H 315: creating molecule 179
2248: H 374: creating molecule 179
2249: O 178: creating molecule 179
2250: H 315: molecule 179 created
2251: H 374: molecule 179 created
2252: O 178: molecule 179 created
2253: H 353: creating molecule 180
2254: O 180: creating molecule 180
2255: H 356: creating molecule 180
2256: H 356: molecule 180 created
2257: O 180: molecule 180 created
2258: H 353: molecule 180 created
2259: H 358: creating molecule 181
2260: H 359: creating molecule 181
2261: O 181: creating molecule 181
2262: H 358: molecule 181 created
2263: H 359: molecule 181 created
2264: O 181: molecule 181 created
2265: H 325: creating molecule 182
2266: H 278: creating molecule 182
2267: O 179: creating molecule 182
2268: H 325: molecule 182 created
2269: H 278: molecule 182 created
2270: O 179: molecule 182 created
2271: H 362: creating molecule 183
2272: H 363: creating molecule 183
2273: O 183: creating molecule 183
2274: H 362: molecule 183 created
2275: O 183: molecule 183 created
2276: H 363: molecule 183 created
2277: H 338: creating molecule 184
2278: O 185: creating molecule 184
2279: H 370: creating molecule 184
2280: H 338: molecule 184 created
2281: O 185: molecule 184 created
2282: H 370: molecule 184 created
2283: H 381: creating molecule 185
2284: H 372: creating molecule 185
2285: O 184: creating molecule 185
2286: H 381: molecule 185 created
2287: H 372: molecule 185 created
2288: O 184: molecule 185 created
2289: H 283: creating molecule 186
2290: O 186: creating molecule 186
2291: H 364: creating molecule 186
2292: H 283: molecule 186 created
2293: O 186: molecule 186 created
2294: H 364: molecule 186 created
2295: H 368: creating molecule 187
2296: H 367: creating molecule 187
2297: O 182: creating molecule 187
2298: H 368: molecule 187 created
2299: H 367: molecule 187 created
2300: O 182: molecule 187 created
2301: H 365: creating molecule 188
2302: H 380: creating molecule 188
2303: O 187: creating molecule 188
2304: H 365: molecule 188 created
2305: H 380: molecule 188 created
2306: O 187: molecule 188 created
2307: H 373: creating molecule 189
2308: H 355: creating molecule 189
2309: O 190: creating molecule 189
2310: H 373: molecule 189 created
2311: O 190: molecule 189 created
2312: H 355: molecule 189 created
2313: H 382: creating molecule 190
2314: O 191: creating molecule 190
2315: H 393: creating molecule 190
2316: H 382: molecule 190 created
2317: O 191: molecule 190 created
2318: H 393: molecule 190 created
2319: H 366: creating molecule 191
2320: H 376: creating molecule 191
2321: O 189: creating molecule 191
2322: H 366: molecule 191 created
2323: H 376: molecule 191 created
2324: O 189: molecule 191 created
2325: H 383: creating molecule 192
2326: H 387: creating molecule 192
2327: O 192: creating molecule 192
2328: H 383: molecule 192 created
2329: H 387: molecule 192 created
2330: O 192: molecule 192 created
2331: H 386: creating molecule 193
2332: O 193: creating molecule 193
2333: H 377: creating molecule 193
2334: H 386: molecule 193 created
2335: H 377: molecule 193 created
2336: O 193: molecule 193 created
2337: H 379: creating molecule 194
2338: O 194: creating molecule 194
2339: H 369: creating molecule 194
2340: H 379: molecule 194 created
2341: O 194: molecule 194 created
2342: H 369: molecule 194 created
2343: H 371: creating molecule 195
2344: O 188: creating molecule 195
2345: H 391: creating molecule 195
2346: H 371: molecule 195 created
2347: O 188: molecule 195 created
2348: H 391: molecule 195 created
2349: H 389: creating molecule 196
2350: H 392: creating molecule 196
2351: O 196: creating molecule 196
2352: H 389: molecule 196 created
2353: H 392: molecule 196 created
2354: O 196: molecule 196 created
2355: H 394: creating molecule 197
2356: H 323: creating molecule 197
2357: O 195: creating molecule 197
2358: H 394: molecule 197 created
2359: H 323: molecule 197 created
2360: O 195: molecule 197 created
2361: H 384: creating molecule 198
2362: H 385: creating molecule 198
2363: O 198: creating molecule 198
2364: H 384: molecule 198 created
2365: H 385: molecule 198 created
2366: O 198: molecule 198 created
2367: H 395: creating molecule 199
2368: H 397: creating molecule 199
2369: O 197: creating molecule 199
2370: H 395: molecule 199 created
2371: O 197: molecule 199 created
2372: H 397: molecule 199 created
2373: H 398: creating molecule 200
2374: H 396: creating molecule 200
2375: O 199: creating molecule 200
2376: H 398: molecule 200 created
2377: H 396: molecule 200 created
2378: O 199: molecule 200 created
2379: H 314: creating molecule 201
2380: O 200: creating molecule 201
2381: H 401: creating molecule 201
2382: H 314: molecule 201 created
2383: O 200: molecule 201 created
2384: H 401: molecule 201 created
2385: H 399: creating molecule 202
2386: H 400: creating molecule 202
2387: O 140: creating molecule 202
2388: H 399: molecule 202 created
2389: H 400: molecule 202 created
2390: O 140: molecule 202 created
2391: H 378: creating molecule 203
2392: H 388: creating molecule 203
2393: O 173: creating molecule 203
2394: H 378: molecule 203 created
2395: H 388: molecule 203 created
2396: O 173: molecule 203 created
2397: H 375: creating molecule 204
2398: H 352: creating molecule 204
2399: O 174: creating molecule 204
2400: H 375: molecule 204 created
2401: H 352: molecule 204 created
2402: O 174: molecule 204 created
2403: H 390: not enough O or H
